<?xml version="1.0" encoding="utf-8"?><testsuites name="pytest tests"><testsuite name="pytest" errors="0" failures="0" skipped="1" tests="30" time="32.685" timestamp="2026-04-04T14:39:50.953274+00:00" hostname="agent-env-16f4159b-dc98-461e-9bea-6ca69b91bfda"><testcase classname="backend.tests.test_employer_flow.TestAdminAuth" name="test_admin_login" time="0.872" /><testcase classname="backend.tests.test_employer_flow.TestAdminAuth" name="test_admin_can_get_employer_codes" time="0.600" /><testcase classname="backend.tests.test_employer_flow.TestAdminAuth" name="test_admin_can_get_employers" time="0.538" /><testcase classname="backend.tests.test_employer_flow.TestAdminAuth" name="test_admin_can_get_job_offers" time="0.520" /><testcase classname="backend.tests.test_employer_flow.TestGenerateEmployerCode" name="test_admin_generate_employer_code" time="0.587" /><testcase classname="backend.tests.test_employer_flow.TestGenerateEmployerCode" name="test_non_admin_cannot_generate_code" time="0.575" /><testcase classname="backend.tests.test_employer_flow.TestEmployerRegistration" name="test_register_employer_with_valid_code" time="1.997" /><testcase classname="backend.tests.test_employer_flow.TestEmployerRegistration" name="test_register_employer_with_invalid_code" time="0.742" /><testcase classname="backend.tests.test_employer_flow.TestEmployerRegistration" name="test_employer_cannot_login_before_email_verification" time="2.014" /><testcase classname="backend.tests.test_employer_flow.TestEmployerRegistration" name="test_employer_email_verification" time="3.092"><skipped type="pytest.skip" message="Could not retrieve verification code from DB">/app/backend/tests/test_employer_flow.py:232: Could not retrieve verification code from DB</skipped></testcase><testcase classname="backend.tests.test_employer_flow.TestAdminApproval" name="test_employer_appears_in_admin_list" time="4.394" /><testcase classname="backend.tests.test_employer_flow.TestAdminApproval" name="test_admin_approve_employer" time="0.583" /><testcase classname="backend.tests.test_employer_flow.TestAdminApproval" name="test_employer_is_approved_after_admin_action" time="0.872" /><testcase classname="backend.tests.test_employer_flow.TestEmployerDashboard" name="test_employer_login" time="4.445" /><testcase classname="backend.tests.test_employer_flow.TestEmployerDashboard" name="test_employer_get_stats" time="0.297" /><testcase classname="backend.tests.test_employer_flow.TestEmployerDashboard" name="test_employer_save_company_info" time="0.238" /><testcase classname="backend.tests.test_employer_flow.TestEmployerDashboard" name="test_employer_get_company_info" time="0.341" /><testcase classname="backend.tests.test_employer_flow.TestJobOffers" name="test_employer_cannot_create_offer_without_company" time="4.888" /><testcase classname="backend.tests.test_employer_flow.TestJobOffers" name="test_employer_create_job_offer" time="0.499" /><testcase classname="backend.tests.test_employer_flow.TestJobOffers" name="test_job_offer_not_visible_before_approval" time="0.129" /><testcase classname="backend.tests.test_employer_flow.TestJobOffers" name="test_admin_approve_job_offer" time="0.584" /><testcase classname="backend.tests.test_employer_flow.TestJobOffers" name="test_approved_offer_visible_publicly" time="0.158" /><testcase classname="backend.tests.test_employer_flow.TestJobOffers" name="test_employer_see_own_offers" time="0.178" /><testcase classname="backend.tests.test_employer_flow.TestJobApplication" name="test_user_apply_to_job" time="1.371" /><testcase classname="backend.tests.test_employer_flow.TestJobApplication" name="test_user_cannot_apply_twice" time="0.199" /><testcase classname="backend.tests.test_employer_flow.TestJobApplication" name="test_unauthenticated_user_cannot_apply" time="0.100" /><testcase classname="backend.tests.test_employer_flow.TestJobApplication" name="test_employer_sees_applications" time="0.868" /><testcase classname="backend.tests.test_employer_flow.TestPublicJobOffers" name="test_get_public_job_offers" time="0.159" /><testcase classname="backend.tests.test_employer_flow.TestPublicJobOffers" name="test_public_offers_have_required_fields" time="0.205" /><testcase classname="backend.tests.test_employer_flow.TestPublicJobOffers" name="test_get_specific_job_offer" time="0.377" /></testsuite></testsuites>