<?xml version="1.0" encoding="utf-8"?><testsuites name="pytest tests"><testsuite name="pytest" errors="0" failures="0" skipped="0" tests="11" time="4.135" timestamp="2026-03-24T12:13:20.781551+00:00" hostname="agent-env-06c039fc-ae7a-486b-b926-e662b4d0eae8"><testcase classname="backend.tests.test_ui_features.TestBannerEndpoints" name="test_public_banners_endpoint" time="0.231" /><testcase classname="backend.tests.test_ui_features.TestBannerEndpoints" name="test_admin_get_banners" time="0.534" /><testcase classname="backend.tests.test_ui_features.TestBannerEndpoints" name="test_admin_save_banners" time="0.325" /><testcase classname="backend.tests.test_ui_features.TestBannerEndpoints" name="test_admin_banners_requires_auth" time="0.218" /><testcase classname="backend.tests.test_ui_features.TestMessagesAPI" name="test_send_contact_message" time="0.546" /><testcase classname="backend.tests.test_ui_features.TestMessagesAPI" name="test_send_publish_needs_message" time="0.158" /><testcase classname="backend.tests.test_ui_features.TestMessagesAPI" name="test_get_user_messages" time="0.240" /><testcase classname="backend.tests.test_ui_features.TestMessagesAPI" name="test_messages_require_auth" time="0.225" /><testcase classname="backend.tests.test_ui_features.TestAdminStats" name="test_admin_stats" time="0.813" /><testcase classname="backend.tests.test_ui_features.TestOffersAPI" name="test_get_offers" time="0.212" /><testcase classname="backend.tests.test_ui_features.TestOffersAPI" name="test_get_offer_by_id" time="0.583" /></testsuite></testsuites>