<?xml version="1.0" encoding="utf-8"?><testsuites name="pytest tests"><testsuite name="pytest" errors="0" failures="0" skipped="0" tests="7" time="4.224" timestamp="2026-03-30T12:11:02.457654+00:00" hostname="agent-env-16f4159b-dc98-461e-9bea-6ca69b91bfda"><testcase classname="backend.tests.test_full_application_form.TestFullApplicationEndpoint" name="test_health_check" time="0.649" /><testcase classname="backend.tests.test_full_application_form.TestFullApplicationEndpoint" name="test_create_full_application_with_all_fields" time="1.114" /><testcase classname="backend.tests.test_full_application_form.TestFullApplicationEndpoint" name="test_full_application_requires_auth" time="0.165" /><testcase classname="backend.tests.test_full_application_form.TestFullApplicationEndpoint" name="test_full_application_missing_required_fields" time="0.150" /><testcase classname="backend.tests.test_full_application_form.TestFullApplicationEndpoint" name="test_full_application_data_persisted" time="0.825" /><testcase classname="backend.tests.test_full_application_form.TestFullApplicationEndpoint" name="test_duplicate_application_rejected" time="0.183" /><testcase classname="backend.tests.test_full_application_form.TestFullApplicationEndpoint" name="test_china_fields_with_inChina_true" time="1.070" /></testsuite></testsuites>