<?xml version="1.0" encoding="utf-8"?><testsuites name="pytest tests"><testsuite name="pytest" errors="0" failures="0" skipped="0" tests="18" time="10.074" timestamp="2026-03-24T17:55:09.594211+00:00" hostname="agent-env-3887cd7b-9f4f-48bd-8b06-11e983251cfa"><testcase classname="backend.tests.test_blog_community.TestBlogPublicAPI" name="test_get_blog_posts_returns_published" time="0.233" /><testcase classname="backend.tests.test_blog_community.TestBlogPublicAPI" name="test_get_blog_posts_with_category_filter" time="0.189" /><testcase classname="backend.tests.test_blog_community.TestBlogPublicAPI" name="test_get_blog_post_detail_increments_views" time="0.348" /><testcase classname="backend.tests.test_blog_community.TestBlogPublicAPI" name="test_get_blog_post_not_found" time="0.161" /><testcase classname="backend.tests.test_blog_community.TestBlogAdminAPI" name="test_admin_get_all_blog_posts" time="0.593" /><testcase classname="backend.tests.test_blog_community.TestBlogAdminAPI" name="test_admin_create_blog_post" time="0.184" /><testcase classname="backend.tests.test_blog_community.TestBlogAdminAPI" name="test_admin_update_blog_post" time="0.699" /><testcase classname="backend.tests.test_blog_community.TestBlogAdminAPI" name="test_admin_delete_blog_post" time="0.481" /><testcase classname="backend.tests.test_blog_community.TestCommunityPublicAPI" name="test_get_community_posts_sorted_by_pinned_then_date" time="0.170" /><testcase classname="backend.tests.test_blog_community.TestCommunityPublicAPI" name="test_get_community_posts_with_category_filter" time="0.175" /><testcase classname="backend.tests.test_blog_community.TestCommunityPublicAPI" name="test_get_community_post_detail_with_replies" time="0.389" /><testcase classname="backend.tests.test_blog_community.TestCommunityUserAPI" name="test_create_community_post_requires_auth" time="0.136" /><testcase classname="backend.tests.test_blog_community.TestCommunityUserAPI" name="test_create_community_post" time="0.606" /><testcase classname="backend.tests.test_blog_community.TestCommunityUserAPI" name="test_create_community_reply" time="0.662" /><testcase classname="backend.tests.test_blog_community.TestCommunityUserAPI" name="test_toggle_like_community_post" time="0.617" /><testcase classname="backend.tests.test_blog_community.TestCommunityAdminAPI" name="test_admin_get_all_community_posts" time="0.531" /><testcase classname="backend.tests.test_blog_community.TestCommunityAdminAPI" name="test_admin_toggle_pin_community_post" time="0.640" /><testcase classname="backend.tests.test_blog_community.TestCommunityAdminAPI" name="test_admin_delete_community_post" time="3.205" /></testsuite></testsuites>