<?xml version="1.0" encoding="utf-8"?><testsuites name="pytest tests"><testsuite name="pytest" errors="0" failures="0" skipped="0" tests="23" time="10.005" timestamp="2026-03-24T11:44:26.281778+00:00" hostname="agent-env-06c039fc-ae7a-486b-b926-e662b4d0eae8"><testcase classname="backend.tests.test_refactored_api.TestPublicEndpoints" name="test_root_endpoint" time="0.208" /><testcase classname="backend.tests.test_refactored_api.TestPublicEndpoints" name="test_get_offers" time="0.603" /><testcase classname="backend.tests.test_refactored_api.TestPublicEndpoints" name="test_get_universities" time="0.121" /><testcase classname="backend.tests.test_refactored_api.TestPublicEndpoints" name="test_get_housing" time="0.126" /><testcase classname="backend.tests.test_refactored_api.TestPublicEndpoints" name="test_get_payment_settings" time="0.147" /><testcase classname="backend.tests.test_refactored_api.TestAuthEndpoints" name="test_admin_login" time="0.371" /><testcase classname="backend.tests.test_refactored_api.TestAuthEndpoints" name="test_invalid_login" time="0.169" /><testcase classname="backend.tests.test_refactored_api.TestAuthEndpoints" name="test_register_new_user" time="0.423" /><testcase classname="backend.tests.test_refactored_api.TestAuthEndpoints" name="test_get_me" time="0.476" /><testcase classname="backend.tests.test_refactored_api.TestAdminEndpoints" name="test_admin_stats" time="0.718" /><testcase classname="backend.tests.test_refactored_api.TestAdminEndpoints" name="test_admin_offers" time="0.830" /><testcase classname="backend.tests.test_refactored_api.TestAdminEndpoints" name="test_admin_messages" time="0.566" /><testcase classname="backend.tests.test_refactored_api.TestAdminEndpoints" name="test_admin_applications" time="0.529" /><testcase classname="backend.tests.test_refactored_api.TestAdminEndpoints" name="test_admin_users" time="0.542" /><testcase classname="backend.tests.test_refactored_api.TestAdminEndpoints" name="test_admin_payment_settings" time="0.504" /><testcase classname="backend.tests.test_refactored_api.TestAdminEndpoints" name="test_admin_newsletter" time="0.520" /><testcase classname="backend.tests.test_refactored_api.TestAdminEndpoints" name="test_admin_requires_auth" time="0.454" /><testcase classname="backend.tests.test_refactored_api.TestUserEndpoints" name="test_get_notifications" time="0.537" /><testcase classname="backend.tests.test_refactored_api.TestUserEndpoints" name="test_get_applications" time="0.497" /><testcase classname="backend.tests.test_refactored_api.TestUserEndpoints" name="test_get_messages" time="0.533" /><testcase classname="backend.tests.test_refactored_api.TestUserEndpoints" name="test_create_message" time="0.519" /><testcase classname="backend.tests.test_refactored_api.TestNewsletterEndpoint" name="test_newsletter_subscribe" time="0.175" /><testcase classname="backend.tests.test_refactored_api.TestNewsletterEndpoint" name="test_newsletter_duplicate" time="0.300" /></testsuite></testsuites>