<?xml version="1.0" encoding="utf-8"?><testsuites name="pytest tests"><testsuite name="pytest" errors="0" failures="0" skipped="0" tests="19" time="15.965" timestamp="2026-03-24T18:18:01.273390+00:00" hostname="agent-env-0dd52a3a-088b-4682-aa30-d56967213f30"><testcase classname="backend.tests.test_rbac.TestRBACSetup" name="test_admin_principal_login" time="0.979" /><testcase classname="backend.tests.test_rbac.TestRBACSetup" name="test_admin_secondary_login" time="0.401" /><testcase classname="backend.tests.test_rbac.TestAdminPrincipalPermissions" name="test_principal_can_access_users" time="0.550" /><testcase classname="backend.tests.test_rbac.TestAdminPrincipalPermissions" name="test_principal_can_access_payment_settings" time="0.570" /><testcase classname="backend.tests.test_rbac.TestAdminPrincipalPermissions" name="test_principal_can_access_banners" time="0.581" /><testcase classname="backend.tests.test_rbac.TestAdminPrincipalPermissions" name="test_principal_can_access_offers" time="0.632" /><testcase classname="backend.tests.test_rbac.TestAdminPrincipalPermissions" name="test_principal_can_access_blog" time="0.589" /><testcase classname="backend.tests.test_rbac.TestAdminSecondaryPermissions" name="test_secondary_can_access_offers" time="0.619" /><testcase classname="backend.tests.test_rbac.TestAdminSecondaryPermissions" name="test_secondary_can_access_blog" time="0.553" /><testcase classname="backend.tests.test_rbac.TestAdminSecondaryPermissions" name="test_secondary_can_access_community" time="0.548" /><testcase classname="backend.tests.test_rbac.TestAdminSecondaryPermissions" name="test_secondary_can_access_messages" time="0.534" /><testcase classname="backend.tests.test_rbac.TestAdminSecondaryPermissions" name="test_secondary_can_access_applications" time="0.553" /><testcase classname="backend.tests.test_rbac.TestAdminSecondaryPermissions" name="test_secondary_cannot_access_payment_settings" time="2.534" /><testcase classname="backend.tests.test_rbac.TestAdminSecondaryPermissions" name="test_secondary_cannot_access_banners" time="0.543" /><testcase classname="backend.tests.test_rbac.TestAdminSecondaryPermissions" name="test_secondary_cannot_set_user_role" time="1.161" /><testcase classname="backend.tests.test_rbac.TestAdminSecondaryPermissions" name="test_secondary_cannot_delete_user" time="1.128" /><testcase classname="backend.tests.test_rbac.TestAdminSecondaryPermissions" name="test_secondary_cannot_toggle_user_status" time="1.080" /><testcase classname="backend.tests.test_rbac.TestRoleChangeByPrincipal" name="test_principal_can_set_role_to_admin_secondary" time="1.195" /><testcase classname="backend.tests.test_rbac.TestRoleChangeByPrincipal" name="test_principal_can_set_role_to_admin_principal" time="1.054" /></testsuite></testsuites>