<?xml version="1.0" encoding="utf-8"?><testsuites name="pytest tests"><testsuite name="pytest" errors="0" failures="0" skipped="0" tests="18" time="8.322" timestamp="2026-04-07T06:15:47.325103+00:00" hostname="agent-env-16f4159b-dc98-461e-9bea-6ca69b91bfda"><testcase classname="backend.tests.test_logement_and_core_flows.TestHealthAndPublic" name="test_companies_showcase_public" time="0.643" /><testcase classname="backend.tests.test_logement_and_core_flows.TestHealthAndPublic" name="test_job_offers_public" time="0.151" /><testcase classname="backend.tests.test_logement_and_core_flows.TestHealthAndPublic" name="test_offers_public" time="0.214" /><testcase classname="backend.tests.test_logement_and_core_flows.TestAuthFlows" name="test_admin_login" time="0.392" /><testcase classname="backend.tests.test_logement_and_core_flows.TestAuthFlows" name="test_logement_login" time="0.355" /><testcase classname="backend.tests.test_logement_and_core_flows.TestAuthFlows" name="test_employer_login" time="0.342" /><testcase classname="backend.tests.test_logement_and_core_flows.TestAuthFlows" name="test_agent_login" time="0.372" /><testcase classname="backend.tests.test_logement_and_core_flows.TestAuthFlows" name="test_partner_login" time="0.357" /><testcase classname="backend.tests.test_logement_and_core_flows.TestAuthFlows" name="test_invalid_login_returns_401" time="0.140" /><testcase classname="backend.tests.test_logement_and_core_flows.TestLogementAPIs" name="test_logement_stats" time="0.546" /><testcase classname="backend.tests.test_logement_and_core_flows.TestLogementAPIs" name="test_logement_properties_list" time="0.502" /><testcase classname="backend.tests.test_logement_and_core_flows.TestLogementAPIs" name="test_logement_property_create_and_delete" time="1.053" /><testcase classname="backend.tests.test_logement_and_core_flows.TestLogementAPIs" name="test_logement_stats_unauthenticated" time="0.468" /><testcase classname="backend.tests.test_logement_and_core_flows.TestAdminLogementAPIs" name="test_admin_list_logement_partners" time="0.503" /><testcase classname="backend.tests.test_logement_and_core_flows.TestAdminLogementAPIs" name="test_admin_list_logement_properties" time="0.497" /><testcase classname="backend.tests.test_logement_and_core_flows.TestAdminLogementAPIs" name="test_admin_logement_protected_from_partner" time="0.951" /><testcase classname="backend.tests.test_logement_and_core_flows.TestEmployerAPIs" name="test_employer_stats" time="0.634" /><testcase classname="backend.tests.test_logement_and_core_flows.TestPublicHousing" name="test_housing_partner_public" time="0.125" /></testsuite></testsuites>