<?xml version="1.0" encoding="utf-8"?><testsuites name="pytest tests"><testsuite name="pytest" errors="0" failures="1" skipped="0" tests="33" time="1.764" timestamp="2026-02-06T22:45:48.635275+00:00" hostname="agent-env-ec3d07c4-c786-493d-8b7e-5b5f25d9682a"><testcase classname="backend.tests.test_auth_and_admin.TestHealthCheck" name="test_api_accessible" time="0.111" /><testcase classname="backend.tests.test_auth_and_admin.TestUserAuth" name="test_register_new_user" time="0.280" /><testcase classname="backend.tests.test_auth_and_admin.TestUserAuth" name="test_register_duplicate_email" time="0.014" /><testcase classname="backend.tests.test_auth_and_admin.TestUserAuth" name="test_login_valid_credentials" time="0.240" /><testcase classname="backend.tests.test_auth_and_admin.TestUserAuth" name="test_login_invalid_password" time="0.290" /><testcase classname="backend.tests.test_auth_and_admin.TestUserAuth" name="test_login_nonexistent_user" time="0.011" /><testcase classname="backend.tests.test_auth_and_admin.TestAdminAuth" name="test_admin_login" time="0.278" /><testcase classname="backend.tests.test_auth_and_admin.TestAdminAuth" name="test_auth_me_with_admin_token" time="0.011" /><testcase classname="backend.tests.test_auth_and_admin.TestAdminEndpoints" name="test_admin_stats" time="0.059" /><testcase classname="backend.tests.test_auth_and_admin.TestAdminEndpoints" name="test_admin_users_list" time="0.012" /><testcase classname="backend.tests.test_auth_and_admin.TestAdminEndpoints" name="test_admin_stats_unauthorized" time="0.007" /><testcase classname="backend.tests.test_auth_and_admin.TestAdminEndpoints" name="test_admin_stats_non_admin_user" time="0.009" /><testcase classname="backend.tests.test_auth_and_admin.TestAdminEndpoints" name="test_admin_offers_list" time="0.011" /><testcase classname="backend.tests.test_auth_and_admin.TestAdminEndpoints" name="test_admin_universities_list" time="0.011" /><testcase classname="backend.tests.test_auth_and_admin.TestAdminEndpoints" name="test_admin_messages_list" time="0.007" /><testcase classname="backend.tests.test_auth_and_admin.TestAdminEndpoints" name="test_admin_applications_list" time="0.014" /><testcase classname="backend.tests.test_auth_and_admin.TestUserFavorites" name="test_add_to_favorites" time="0.054" /><testcase classname="backend.tests.test_auth_and_admin.TestUserFavorites" name="test_get_favorites" time="0.011" /><testcase classname="backend.tests.test_auth_and_admin.TestUserFavorites" name="test_remove_from_favorites" time="0.009" /><testcase classname="backend.tests.test_auth_and_admin.TestUserFavorites" name="test_favorites_unauthorized" time="0.006" /><testcase classname="backend.tests.test_auth_and_admin.TestMessages" name="test_send_message" time="0.027" /><testcase classname="backend.tests.test_auth_and_admin.TestMessages" name="test_get_user_messages" time="0.009" /><testcase classname="backend.tests.test_auth_and_admin.TestMessages" name="test_send_message_unauthorized" time="0.008" /><testcase classname="backend.tests.test_auth_and_admin.TestApplications" name="test_submit_application" time="0.027" /><testcase classname="backend.tests.test_auth_and_admin.TestApplications" name="test_duplicate_application" time="0.018" /><testcase classname="backend.tests.test_auth_and_admin.TestApplications" name="test_get_user_applications" time="0.008" /><testcase classname="backend.tests.test_auth_and_admin.TestApplications" name="test_submit_application_unauthorized" time="0.007" /><testcase classname="backend.tests.test_auth_and_admin.TestPublicEndpoints" name="test_get_offers" time="0.007" /><testcase classname="backend.tests.test_auth_and_admin.TestPublicEndpoints" name="test_get_offers_with_filter" time="0.009" /><testcase classname="backend.tests.test_auth_and_admin.TestPublicEndpoints" name="test_get_universities" time="0.010" /><testcase classname="backend.tests.test_auth_and_admin.TestPublicEndpoints" name="test_get_housing" time="0.010" /><testcase classname="backend.tests.test_auth_and_admin.TestTokenValidation" name="test_invalid_token" time="0.008"><failure message="AssertionError: Invalid token should return 401&#10;assert 520 == 401&#10; +  where 520 = &lt;Response [520]&gt;.status_code">backend/tests/test_auth_and_admin.py:455: in test_invalid_token
    assert response.status_code == 401, "Invalid token should return 401"
E   AssertionError: Invalid token should return 401
E   assert 520 == 401
E    +  where 520 = &lt;Response [520]&gt;.status_code</failure></testcase><testcase classname="backend.tests.test_auth_and_admin.TestTokenValidation" name="test_missing_token" time="0.008" /></testsuite></testsuites>