<?xml version="1.0" encoding="utf-8"?><testsuites name="pytest tests"><testsuite name="pytest" errors="0" failures="0" skipped="0" tests="13" time="7.099" timestamp="2026-03-24T14:14:10.502167+00:00" hostname="agent-env-3887cd7b-9f4f-48bd-8b06-11e983251cfa"><testcase classname="backend.tests.test_resubmit_attachments.TestResubmitAndAttachments" name="test_resubmit_requires_auth" time="0.200" /><testcase classname="backend.tests.test_resubmit_attachments.TestResubmitAndAttachments" name="test_resubmit_returns_400_if_not_modify_status" time="1.526" /><testcase classname="backend.tests.test_resubmit_attachments.TestResubmitAndAttachments" name="test_resubmit_success_when_modify_status" time="0.877" /><testcase classname="backend.tests.test_resubmit_attachments.TestResubmitAndAttachments" name="test_update_documents_requires_auth" time="0.156" /><testcase classname="backend.tests.test_resubmit_attachments.TestResubmitAndAttachments" name="test_update_documents_success" time="0.358" /><testcase classname="backend.tests.test_resubmit_attachments.TestResubmitAndAttachments" name="test_admin_message_with_attachments" time="0.254" /><testcase classname="backend.tests.test_resubmit_attachments.TestResubmitAndAttachments" name="test_admin_message_without_attachments" time="0.250" /><testcase classname="backend.tests.test_resubmit_attachments.TestResubmitAndAttachments" name="test_admin_message_empty_attachments" time="0.284" /><testcase classname="backend.tests.test_resubmit_attachments.TestResubmitAndAttachments" name="test_get_messages_includes_attachments" time="0.171" /><testcase classname="backend.tests.test_resubmit_attachments.TestResubmitAndAttachments" name="test_cleanup_reset_status" time="0.243" /><testcase classname="backend.tests.test_resubmit_attachments.TestResubmitEdgeCases" name="test_resubmit_nonexistent_application" time="0.555" /><testcase classname="backend.tests.test_resubmit_attachments.TestResubmitEdgeCases" name="test_update_documents_nonexistent_application" time="0.162" /><testcase classname="backend.tests.test_resubmit_attachments.TestResubmitEdgeCases" name="test_resubmit_all_non_modify_statuses" time="1.956" /></testsuite></testsuites>