<?xml version="1.0" encoding="utf-8"?><testsuites name="pytest tests"><testsuite name="pytest" errors="0" failures="0" skipped="0" tests="10" time="2.119" timestamp="2026-02-12T15:32:17.508206+00:00" hostname="agent-env-0927f7f1-02d7-4d6b-a1ca-c7c0f58df857"><testcase classname="backend.tests.test_delete_functionality.TestDeleteFunctionality" name="test_delete_offer_actually_removes_from_db" time="0.601" /><testcase classname="backend.tests.test_delete_functionality.TestDeleteFunctionality" name="test_delete_nonexistent_offer_returns_404" time="0.043" /><testcase classname="backend.tests.test_delete_functionality.TestDeleteFunctionality" name="test_delete_university_actually_removes_from_db" time="0.167" /><testcase classname="backend.tests.test_delete_functionality.TestDeleteFunctionality" name="test_delete_nonexistent_university_returns_404" time="0.047" /><testcase classname="backend.tests.test_delete_functionality.TestDeleteFunctionality" name="test_delete_housing_actually_removes_from_db" time="0.207" /><testcase classname="backend.tests.test_delete_functionality.TestDeleteFunctionality" name="test_delete_nonexistent_housing_returns_404" time="0.038" /><testcase classname="backend.tests.test_delete_functionality.TestDeleteFunctionality" name="test_delete_user_actually_removes_from_db" time="0.442" /><testcase classname="backend.tests.test_delete_functionality.TestDeleteFunctionality" name="test_admin_cannot_delete_themselves" time="0.039" /><testcase classname="backend.tests.test_delete_functionality.TestDeleteFunctionality" name="test_delete_nonexistent_user_returns_404" time="0.039" /><testcase classname="backend.tests.test_delete_functionality.TestScholarshipDeleteSameAsOfferDelete" name="test_delete_scholarship_offer" time="0.390" /></testsuite></testsuites>