<?xml version="1.0" encoding="utf-8"?><testsuites name="pytest tests"><testsuite name="pytest" errors="0" failures="0" skipped="0" tests="24" time="7.872" timestamp="2026-04-10T10:27:57.717247+00:00" hostname="agent-env-16f4159b-dc98-461e-9bea-6ca69b91bfda"><testcase classname="backend.tests.test_agent_logement_new_features.TestAgentLoginCodeGate" name="test_agent_verify_correct_code" time="1.076" /><testcase classname="backend.tests.test_agent_logement_new_features.TestAgentLoginCodeGate" name="test_agent_verify_wrong_code" time="0.149" /><testcase classname="backend.tests.test_agent_logement_new_features.TestAgentLoginCodeGate" name="test_agent_verify_lowercase_code" time="0.139" /><testcase classname="backend.tests.test_agent_logement_new_features.TestAgentProfile" name="test_agent_get_profile" time="0.136" /><testcase classname="backend.tests.test_agent_logement_new_features.TestAgentProfile" name="test_agent_profile_docs_false_initially" time="0.126" /><testcase classname="backend.tests.test_agent_logement_new_features.TestAdminVerifyAgentDocuments" name="test_admin_get_agents" time="0.649" /><testcase classname="backend.tests.test_agent_logement_new_features.TestAdminVerifyAgentDocuments" name="test_admin_verify_agent_documents_endpoint" time="0.461" /><testcase classname="backend.tests.test_agent_logement_new_features.TestAdminVerifyAgentDocuments" name="test_admin_verify_documents_nonexistent_agent" time="0.160" /><testcase classname="backend.tests.test_agent_logement_new_features.TestLogementLoginCodeGate" name="test_logement_verify_correct_code" time="0.486" /><testcase classname="backend.tests.test_agent_logement_new_features.TestLogementLoginCodeGate" name="test_logement_verify_wrong_code" time="0.129" /><testcase classname="backend.tests.test_agent_logement_new_features.TestLogementLoginCodeGate" name="test_logement_verify_empty_code" time="0.151" /><testcase classname="backend.tests.test_agent_logement_new_features.TestLogementProfile" name="test_logement_get_profile" time="0.130" /><testcase classname="backend.tests.test_agent_logement_new_features.TestLogementProfile" name="test_logement_update_profile" time="0.499" /><testcase classname="backend.tests.test_agent_logement_new_features.TestLogementContract" name="test_logement_get_contract" time="0.128" /><testcase classname="backend.tests.test_agent_logement_new_features.TestLogementPropertyDuplicate" name="test_duplicate_property" time="0.895" /><testcase classname="backend.tests.test_agent_logement_new_features.TestLogementPropertyDuplicate" name="test_duplicate_nonexistent_property" time="0.177" /><testcase classname="backend.tests.test_agent_logement_new_features.TestAdminLogementPartnerManagement" name="test_admin_list_logement_partners" time="0.163" /><testcase classname="backend.tests.test_agent_logement_new_features.TestAdminLogementPartnerManagement" name="test_admin_update_logement_login_code" time="0.195" /><testcase classname="backend.tests.test_agent_logement_new_features.TestAdminLogementPartnerManagement" name="test_admin_update_logement_contract" time="1.257" /><testcase classname="backend.tests.test_agent_logement_new_features.TestAdminLogementPartnerManagement" name="test_admin_update_nonexistent_logement_code" time="0.168" /><testcase classname="backend.tests.test_agent_logement_new_features.TestAuthenticationGuards" name="test_agent_profile_requires_auth" time="0.103" /><testcase classname="backend.tests.test_agent_logement_new_features.TestAuthenticationGuards" name="test_logement_profile_requires_auth" time="0.105" /><testcase classname="backend.tests.test_agent_logement_new_features.TestAuthenticationGuards" name="test_logement_verify_code_requires_auth" time="0.107" /><testcase classname="backend.tests.test_agent_logement_new_features.TestAuthenticationGuards" name="test_admin_agents_requires_admin" time="0.140" /></testsuite></testsuites>