<?xml version="1.0" encoding="utf-8"?><testsuites name="pytest tests"><testsuite name="pytest" errors="0" failures="0" skipped="0" tests="16" time="1.478" timestamp="2026-02-12T14:38:03.161314+00:00" hostname="agent-env-0927f7f1-02d7-4d6b-a1ca-c7c0f58df857"><testcase classname="tests.test_offers_ratings_deadlines.TestOffersAPI" name="test_get_all_offers_returns_list" time="0.137" /><testcase classname="tests.test_offers_ratings_deadlines.TestOffersAPI" name="test_offers_have_required_fields" time="0.047" /><testcase classname="tests.test_offers_ratings_deadlines.TestOffersAPI" name="test_offers_count_is_21_or_more" time="0.066" /><testcase classname="tests.test_offers_ratings_deadlines.TestOfferFilters" name="test_filter_full_scholarship" time="0.052" /><testcase classname="tests.test_offers_ratings_deadlines.TestOfferFilters" name="test_filter_partial_scholarship" time="0.040" /><testcase classname="tests.test_offers_ratings_deadlines.TestOfferFilters" name="test_filter_self_financed" time="0.044" /><testcase classname="tests.test_offers_ratings_deadlines.TestOfferFilters" name="test_filter_online" time="0.043" /><testcase classname="tests.test_offers_ratings_deadlines.TestOfferFilters" name="test_filter_new" time="0.040" /><testcase classname="tests.test_offers_ratings_deadlines.TestDeadlineStatus" name="test_deadline_status_past_date" time="0.084" /><testcase classname="tests.test_offers_ratings_deadlines.TestDeadlineStatus" name="test_deadline_status_inscription_continue" time="0.085" /><testcase classname="tests.test_offers_ratings_deadlines.TestDeadlineStatus" name="test_deadline_status_1er_format" time="0.094" /><testcase classname="tests.test_offers_ratings_deadlines.TestDeadlineStatus" name="test_deadline_status_returns_all_fields" time="0.100" /><testcase classname="tests.test_offers_ratings_deadlines.TestImportOffersData" name="test_import_requires_admin_auth" time="0.040" /><testcase classname="tests.test_offers_ratings_deadlines.TestImportOffersData" name="test_import_skips_duplicates_on_rerun" time="0.328" /><testcase classname="tests.test_offers_ratings_deadlines.TestOfferRatingsComputation" name="test_get_offer_rating_endpoint" time="0.127" /><testcase classname="tests.test_offers_ratings_deadlines.TestOfferRatingsComputation" name="test_offers_list_has_computed_ratings" time="0.041" /></testsuite></testsuites>