<?xml version="1.0" encoding="utf-8"?><testsuites name="pytest tests"><testsuite name="pytest" errors="0" failures="0" skipped="0" tests="7" time="1.883" timestamp="2026-02-12T15:00:42.404424+00:00" hostname="agent-env-0927f7f1-02d7-4d6b-a1ca-c7c0f58df857"><testcase classname="backend.tests.test_service_fee.TestServiceFeeBackend" name="test_create_offer_with_service_fee" time="0.399" /><testcase classname="backend.tests.test_service_fee.TestServiceFeeBackend" name="test_create_offer_with_default_service_fee" time="0.353" /><testcase classname="backend.tests.test_service_fee.TestServiceFeeBackend" name="test_update_offer_service_fee" time="0.339" /><testcase classname="backend.tests.test_service_fee.TestServiceFeeBackend" name="test_get_existing_offer_with_service_fee" time="0.282" /><testcase classname="backend.tests.test_service_fee.TestServiceFeeBackend" name="test_admin_offers_endpoint_returns_service_fee" time="0.283" /><testcase classname="backend.tests.test_service_fee.TestServiceFeeDataStructure" name="test_offer_response_structure" time="0.043" /><testcase classname="backend.tests.test_service_fee.TestServiceFeeDataStructure" name="test_specific_offer_service_fee" time="0.086" /></testsuite></testsuites>