<?xml version="1.0" encoding="utf-8"?><testsuites name="pytest tests"><testsuite name="pytest" errors="0" failures="0" skipped="0" tests="19" time="6.618" timestamp="2026-03-24T13:36:03.577806+00:00" hostname="agent-env-3887cd7b-9f4f-48bd-8b06-11e983251cfa"><testcase classname="backend.tests.test_applications_admin.TestApplicationsAdmin" name="test_get_applications_list" time="1.121" /><testcase classname="backend.tests.test_applications_admin.TestApplicationsAdmin" name="test_update_status_to_reviewing" time="0.441" /><testcase classname="backend.tests.test_applications_admin.TestApplicationsAdmin" name="test_update_status_to_accepted" time="0.269" /><testcase classname="backend.tests.test_applications_admin.TestApplicationsAdmin" name="test_update_status_to_rejected" time="0.246" /><testcase classname="backend.tests.test_applications_admin.TestApplicationsAdmin" name="test_update_status_to_modify_with_reason" time="0.286" /><testcase classname="backend.tests.test_applications_admin.TestApplicationsAdmin" name="test_update_status_to_modify_without_reason" time="0.275" /><testcase classname="backend.tests.test_applications_admin.TestApplicationsAdmin" name="test_update_status_invalid_status" time="0.163" /><testcase classname="backend.tests.test_applications_admin.TestApplicationsAdmin" name="test_verify_modify_status_persisted" time="0.423" /><testcase classname="backend.tests.test_applications_admin.TestApplicationsAdmin" name="test_send_message_to_candidate" time="0.245" /><testcase classname="backend.tests.test_applications_admin.TestApplicationsAdmin" name="test_get_application_messages" time="0.165" /><testcase classname="backend.tests.test_applications_admin.TestApplicationsAdmin" name="test_send_multiple_messages" time="0.689" /><testcase classname="backend.tests.test_applications_admin.TestApplicationsAdmin" name="test_message_not_found_application" time="0.163" /><testcase classname="backend.tests.test_applications_admin.TestApplicationsAdmin" name="test_get_messages_not_found_application" time="0.263" /><testcase classname="backend.tests.test_applications_admin.TestApplicationsAdmin" name="test_status_update_requires_admin" time="0.115" /><testcase classname="backend.tests.test_applications_admin.TestApplicationsAdmin" name="test_send_message_requires_admin" time="0.102" /><testcase classname="backend.tests.test_applications_admin.TestApplicationsAdmin" name="test_get_messages_requires_admin" time="0.111" /><testcase classname="backend.tests.test_applications_admin.TestApplicationsAdmin" name="test_update_payment_status" time="0.985" /><testcase classname="backend.tests.test_applications_admin.TestApplicationsAdmin" name="test_update_payment_status_invalid" time="0.166" /><testcase classname="backend.tests.test_applications_admin.TestApplicationsAdmin" name="test_cleanup_reset_status" time="0.273" /></testsuite></testsuites>