<?xml version="1.0" encoding="utf-8"?><testsuites name="pytest tests"><testsuite name="pytest" errors="0" failures="0" skipped="0" tests="18" time="4.735" timestamp="2026-04-10T02:10:54.837919+00:00" hostname="agent-env-16f4159b-dc98-461e-9bea-6ca69b91bfda"><testcase classname="backend.tests.test_partner_activation_contract.TestVerifyLoginCode" name="test_verify_login_code_correct" time="0.891" /><testcase classname="backend.tests.test_partner_activation_contract.TestVerifyLoginCode" name="test_verify_login_code_wrong" time="0.136" /><testcase classname="backend.tests.test_partner_activation_contract.TestVerifyLoginCode" name="test_verify_login_code_empty" time="0.145" /><testcase classname="backend.tests.test_partner_activation_contract.TestVerifyLoginCode" name="test_verify_login_code_unauthenticated" time="0.112" /><testcase classname="backend.tests.test_partner_activation_contract.TestVerifyLoginCode" name="test_verify_login_code_lowercase_normalized" time="0.161" /><testcase classname="backend.tests.test_partner_activation_contract.TestPartnerContract" name="test_get_partner_contract" time="0.153" /><testcase classname="backend.tests.test_partner_activation_contract.TestPartnerContract" name="test_get_partner_contract_unauthenticated" time="0.104" /><testcase classname="backend.tests.test_partner_activation_contract.TestAdminUpdateLoginCode" name="test_admin_update_login_code" time="0.574" /><testcase classname="backend.tests.test_partner_activation_contract.TestAdminUpdateLoginCode" name="test_admin_update_login_code_new_value" time="0.411" /><testcase classname="backend.tests.test_partner_activation_contract.TestAdminUpdateLoginCode" name="test_admin_update_login_code_empty" time="0.179" /><testcase classname="backend.tests.test_partner_activation_contract.TestAdminUpdateLoginCode" name="test_admin_update_login_code_invalid_partner" time="0.162" /><testcase classname="backend.tests.test_partner_activation_contract.TestAdminUpdateLoginCode" name="test_admin_update_login_code_unauthorized" time="0.176" /><testcase classname="backend.tests.test_partner_activation_contract.TestAdminUploadContract" name="test_admin_upload_contract" time="0.245" /><testcase classname="backend.tests.test_partner_activation_contract.TestAdminUploadContract" name="test_admin_upload_contract_persisted" time="0.416" /><testcase classname="backend.tests.test_partner_activation_contract.TestAdminUploadContract" name="test_admin_upload_contract_unauthorized" time="0.197" /><testcase classname="backend.tests.test_partner_activation_contract.TestAdminUploadContract" name="test_admin_upload_contract_invalid_partner" time="0.168" /><testcase classname="backend.tests.test_partner_activation_contract.TestAdminPartnersListFields" name="test_admin_partners_list_includes_partnerCode" time="0.221" /><testcase classname="backend.tests.test_partner_activation_contract.TestAdminPartnersListFields" name="test_admin_partners_list_excludes_password" time="0.215" /></testsuite></testsuites>