<?xml version="1.0" encoding="utf-8"?><testsuites name="pytest tests"><testsuite name="pytest" errors="0" failures="0" skipped="0" tests="13" time="2.157" timestamp="2026-02-12T12:31:07.255249+00:00" hostname="agent-env-ab126df1-ff2a-44d3-b272-783df7cdf79e"><testcase classname="backend.tests.test_payment_and_applications.TestPaymentSettingsAPI" name="test_get_public_payment_settings" time="0.131" /><testcase classname="backend.tests.test_payment_and_applications.TestPaymentSettingsAPI" name="test_get_admin_payment_settings" time="0.378" /><testcase classname="backend.tests.test_payment_and_applications.TestPaymentSettingsAPI" name="test_update_payment_settings" time="0.235" /><testcase classname="backend.tests.test_payment_and_applications.TestPaymentSettingsAPI" name="test_payment_settings_unauthorized" time="0.037" /><testcase classname="backend.tests.test_payment_and_applications.TestDeadlineStatus" name="test_get_offers_for_deadline_check" time="0.043" /><testcase classname="backend.tests.test_payment_and_applications.TestDeadlineStatus" name="test_deadline_status_for_offer" time="0.072" /><testcase classname="backend.tests.test_payment_and_applications.TestDeadlineStatus" name="test_deadline_status_invalid_offer" time="0.036" /><testcase classname="backend.tests.test_payment_and_applications.TestFullApplicationFlow" name="test_submit_full_application" time="0.364" /><testcase classname="backend.tests.test_payment_and_applications.TestFullApplicationFlow" name="test_get_user_applications" time="0.076" /><testcase classname="backend.tests.test_payment_and_applications.TestFullApplicationFlow" name="test_admin_get_all_applications" time="0.309" /><testcase classname="backend.tests.test_payment_and_applications.TestFullApplicationFlow" name="test_admin_update_payment_status" time="0.125" /><testcase classname="backend.tests.test_payment_and_applications.TestFullApplicationFlow" name="test_admin_update_application_status" time="0.080" /><testcase classname="backend.tests.test_payment_and_applications.TestShareFunctionality" name="test_get_single_offer_by_id" time="0.082" /></testsuite></testsuites>