<?xml version="1.0" encoding="utf-8"?><testsuites name="pytest tests"><testsuite name="pytest" errors="0" failures="0" skipped="0" tests="24" time="8.061" timestamp="2026-03-24T12:45:29.695266+00:00" hostname="agent-env-06c039fc-ae7a-486b-b926-e662b4d0eae8"><testcase classname="backend.tests.test_testimonials_contact_faq.TestPublicTestimonials" name="test_get_testimonials_public" time="0.649" /><testcase classname="backend.tests.test_testimonials_contact_faq.TestUserTestimonials" name="test_submit_testimonial_without_auth" time="0.148" /><testcase classname="backend.tests.test_testimonials_contact_faq.TestUserTestimonials" name="test_submit_testimonial_with_auth" time="0.706" /><testcase classname="backend.tests.test_testimonials_contact_faq.TestUserTestimonials" name="test_get_my_testimonial" time="0.217" /><testcase classname="backend.tests.test_testimonials_contact_faq.TestAdminTestimonials" name="test_admin_get_all_testimonials" time="0.532" /><testcase classname="backend.tests.test_testimonials_contact_faq.TestAdminTestimonials" name="test_admin_approve_testimonial" time="0.407" /><testcase classname="backend.tests.test_testimonials_contact_faq.TestAdminTestimonials" name="test_admin_reject_testimonial" time="0.373" /><testcase classname="backend.tests.test_testimonials_contact_faq.TestAdminTestimonials" name="test_admin_delete_testimonial" time="0.338" /><testcase classname="backend.tests.test_testimonials_contact_faq.TestContactForm" name="test_submit_contact_form_public" time="0.257" /><testcase classname="backend.tests.test_testimonials_contact_faq.TestContactForm" name="test_submit_contact_form_minimal" time="0.159" /><testcase classname="backend.tests.test_testimonials_contact_faq.TestContactForm" name="test_submit_contact_form_invalid_email" time="0.111" /><testcase classname="backend.tests.test_testimonials_contact_faq.TestAdminContacts" name="test_admin_get_contacts" time="0.525" /><testcase classname="backend.tests.test_testimonials_contact_faq.TestAdminContacts" name="test_admin_mark_contact_read" time="0.445" /><testcase classname="backend.tests.test_testimonials_contact_faq.TestAdminContacts" name="test_admin_delete_contact" time="0.355" /><testcase classname="backend.tests.test_testimonials_contact_faq.TestPublicFAQ" name="test_get_faqs_public" time="0.128" /><testcase classname="backend.tests.test_testimonials_contact_faq.TestAdminFAQ" name="test_admin_get_faqs" time="0.523" /><testcase classname="backend.tests.test_testimonials_contact_faq.TestAdminFAQ" name="test_admin_save_faqs" time="0.502" /><testcase classname="backend.tests.test_testimonials_contact_faq.TestAdminFAQ" name="test_admin_update_faqs_remove_test" time="0.359" /><testcase classname="backend.tests.test_testimonials_contact_faq.TestAuthorizationChecks" name="test_admin_testimonials_requires_auth" time="0.099" /><testcase classname="backend.tests.test_testimonials_contact_faq.TestAuthorizationChecks" name="test_admin_contacts_requires_auth" time="0.099" /><testcase classname="backend.tests.test_testimonials_contact_faq.TestAuthorizationChecks" name="test_admin_faqs_requires_auth" time="0.099" /><testcase classname="backend.tests.test_testimonials_contact_faq.TestAuthorizationChecks" name="test_admin_faqs_post_requires_auth" time="0.099" /><testcase classname="backend.tests.test_testimonials_contact_faq.TestCleanup" name="test_cleanup_test_contacts" time="0.687" /><testcase classname="backend.tests.test_testimonials_contact_faq.TestCleanup" name="test_cleanup_test_testimonials" time="0.166" /></testsuite></testsuites>