<?xml version="1.0" encoding="utf-8"?><testsuites name="pytest tests"><testsuite name="pytest" errors="0" failures="0" skipped="0" tests="7" time="2.633" timestamp="2026-03-23T20:59:31.757383+00:00" hostname="agent-env-4136107e-d81e-4d9a-bca4-0cc9ef7236ac"><testcase classname="backend.tests.test_upload_and_documents.TestUploadSignatureEndpoint" name="test_upload_signature_returns_required_fields" time="0.681" /><testcase classname="backend.tests.test_upload_and_documents.TestUploadSignatureEndpoint" name="test_upload_signature_requires_auth" time="0.143" /><testcase classname="backend.tests.test_upload_and_documents.TestOfferDocuments" name="test_cours_langue_chinoise_has_documents" time="0.124" /><testcase classname="backend.tests.test_upload_and_documents.TestOfferDocuments" name="test_offer_detail_includes_documents" time="0.229" /><testcase classname="backend.tests.test_upload_and_documents.TestBackendUploadEndpoint" name="test_upload_endpoint_requires_auth" time="0.139" /><testcase classname="backend.tests.test_upload_and_documents.TestBackendUploadEndpoint" name="test_upload_endpoint_accepts_file" time="1.105" /><testcase classname="backend.tests.test_upload_and_documents.TestPaymentSettings" name="test_payment_settings_public_endpoint" time="0.133" /></testsuite></testsuites>