<?xml version="1.0" encoding="utf-8"?><testsuites name="pytest tests"><testsuite name="pytest" errors="0" failures="0" skipped="0" tests="18" time="9.106" timestamp="2026-04-10T15:28:00.314214+00:00" hostname="agent-env-16f4159b-dc98-461e-9bea-6ca69b91bfda"><testcase classname="backend.tests.test_gate_code_and_pdf.TestAgentVerifyLoginCode" name="test_agent_correct_code_returns_success" time="1.193" /><testcase classname="backend.tests.test_gate_code_and_pdf.TestAgentVerifyLoginCode" name="test_agent_correct_code_case_insensitive" time="0.539" /><testcase classname="backend.tests.test_gate_code_and_pdf.TestAgentVerifyLoginCode" name="test_agent_wrong_code_returns_400" time="0.654" /><testcase classname="backend.tests.test_gate_code_and_pdf.TestAgentVerifyLoginCode" name="test_agent_empty_code_returns_400" time="0.552" /><testcase classname="backend.tests.test_gate_code_and_pdf.TestAgentVerifyLoginCode" name="test_agent_no_auth_returns_401" time="0.118" /><testcase classname="backend.tests.test_gate_code_and_pdf.TestPartnerVerifyLoginCode" name="test_partner_correct_code_returns_success" time="0.579" /><testcase classname="backend.tests.test_gate_code_and_pdf.TestPartnerVerifyLoginCode" name="test_partner_wrong_code_returns_400" time="0.559" /><testcase classname="backend.tests.test_gate_code_and_pdf.TestPartnerVerifyLoginCode" name="test_partner_no_auth_returns_401" time="0.142" /><testcase classname="backend.tests.test_gate_code_and_pdf.TestEmployerVerifyLoginCode" name="test_employer_correct_code_returns_success" time="0.528" /><testcase classname="backend.tests.test_gate_code_and_pdf.TestEmployerVerifyLoginCode" name="test_employer_wrong_code_returns_400" time="0.621" /><testcase classname="backend.tests.test_gate_code_and_pdf.TestEmployerVerifyLoginCode" name="test_employer_no_auth_returns_401" time="0.136" /><testcase classname="backend.tests.test_gate_code_and_pdf.TestLogementVerifyLoginCode" name="test_logement_correct_code_returns_success" time="0.560" /><testcase classname="backend.tests.test_gate_code_and_pdf.TestLogementVerifyLoginCode" name="test_logement_wrong_code_returns_400" time="0.518" /><testcase classname="backend.tests.test_gate_code_and_pdf.TestLogementVerifyLoginCode" name="test_logement_no_auth_returns_401" time="0.111" /><testcase classname="backend.tests.test_gate_code_and_pdf.TestPartnerContract" name="test_partner_contract_has_cloudinary_url" time="0.571" /><testcase classname="backend.tests.test_gate_code_and_pdf.TestPartnerContract" name="test_partner_contract_has_name" time="0.538" /><testcase classname="backend.tests.test_gate_code_and_pdf.TestPartnerContract" name="test_contract_url_not_converted_to_raw" time="0.584" /><testcase classname="backend.tests.test_gate_code_and_pdf.TestPartnerContract" name="test_download_url_format_with_fl_attachment" time="0.533" /></testsuite></testsuites>