<?xml version="1.0" encoding="utf-8"?><testsuites name="pytest tests"><testsuite name="pytest" errors="0" failures="0" skipped="0" tests="17" time="7.174" timestamp="2026-04-10T18:23:21.826244+00:00" hostname="agent-env-16f4159b-dc98-461e-9bea-6ca69b91bfda"><testcase classname="backend.tests.test_new_features_29.TestDuplicateOffer" name="test_get_existing_offers" time="1.200" /><testcase classname="backend.tests.test_new_features_29.TestDuplicateOffer" name="test_duplicate_offer_returns_200" time="0.461" /><testcase classname="backend.tests.test_new_features_29.TestDuplicateOffer" name="test_duplicate_offer_creates_copy_with_title" time="0.604" /><testcase classname="backend.tests.test_new_features_29.TestDuplicateOffer" name="test_duplicate_offer_404_for_invalid_id" time="0.173" /><testcase classname="backend.tests.test_new_features_29.TestDuplicateUniversity" name="test_duplicate_university_returns_200" time="0.396" /><testcase classname="backend.tests.test_new_features_29.TestDuplicateUniversity" name="test_duplicate_university_title_has_copie" time="0.587" /><testcase classname="backend.tests.test_new_features_29.TestDuplicateUniversity" name="test_duplicate_university_404_for_invalid_id" time="0.190" /><testcase classname="backend.tests.test_new_features_29.TestDuplicateHousing" name="test_duplicate_housing_returns_200" time="0.374" /><testcase classname="backend.tests.test_new_features_29.TestDuplicateHousing" name="test_duplicate_housing_404_for_invalid_id" time="0.173" /><testcase classname="backend.tests.test_new_features_29.TestEmployerDetails" name="test_get_employer_list" time="0.336" /><testcase classname="backend.tests.test_new_features_29.TestEmployerDetails" name="test_get_employer_details_returns_200" time="0.539" /><testcase classname="backend.tests.test_new_features_29.TestEmployerDetails" name="test_employer_details_returns_company_info" time="0.563" /><testcase classname="backend.tests.test_new_features_29.TestEmployerDetails" name="test_employer_details_404_for_invalid_id" time="0.185" /><testcase classname="backend.tests.test_new_features_29.TestPartnerDetails" name="test_get_partner_list" time="0.220" /><testcase classname="backend.tests.test_new_features_29.TestPartnerDetails" name="test_get_partner_details_returns_200" time="0.467" /><testcase classname="backend.tests.test_new_features_29.TestPartnerDetails" name="test_partner_details_404_for_invalid_id" time="0.180" /><testcase classname="backend.tests.test_new_features_29.TestPartnerDetails" name="test_partner_details_contains_partner_code" time="0.390" /></testsuite></testsuites>